<?xml version="1.0" encoding="UTF-8"?>
<testsuite name="io.grpc.auth.ClientAuthInterceptorTests" tests="3" skipped="0" failures="0" errors="0" timestamp="2015-03-23T00:36:37" hostname="ip-172-31-8-225" time="0.428">
  <properties/>
  <testcase name="testWithOAuth2Credential" classname="io.grpc.auth.ClientAuthInterceptorTests" time="0.376"/>
  <testcase name="testCopyCredentialToHeaders" classname="io.grpc.auth.ClientAuthInterceptorTests" time="0.025"/>
  <testcase name="testCredentialsThrows" classname="io.grpc.auth.ClientAuthInterceptorTests" time="0.016"/>
  <system-out><![CDATA[]]></system-out>
  <system-err><![CDATA[]]></system-err>
</testsuite>
