<?xml version="1.0" encoding="UTF-8"?>
<testsuite name="io.grpc.transport.netty.NettyClientStreamTest" tests="16" skipped="0" failures="0" errors="0" timestamp="2015-03-23T01:16:23" hostname="ip-172-31-8-225" time="0.169">
  <properties/>
  <testcase name="inboundMessageShouldCallListener" classname="io.grpc.transport.netty.NettyClientStreamTest" time="0.038"/>
  <testcase name="setStatusWithErrorShouldCloseStream" classname="io.grpc.transport.netty.NettyClientStreamTest" time="0.006"/>
  <testcase name="invalidInboundHeadersCancelStream" classname="io.grpc.transport.netty.NettyClientStreamTest" time="0.023"/>
  <testcase name="cancelShouldSendCommand" classname="io.grpc.transport.netty.NettyClientStreamTest" time="0.005"/>
  <testcase name="inboundStatusShouldSetStatus" classname="io.grpc.transport.netty.NettyClientStreamTest" time="0.003"/>
  <testcase name="setStatusWithOkShouldNotOverrideError" classname="io.grpc.transport.netty.NettyClientStreamTest" time="0.003"/>
  <testcase name="nonGrpcResponseShouldSetStatus" classname="io.grpc.transport.netty.NettyClientStreamTest" time="0.003"/>
  <testcase name="cancelShouldStillSendCommandIfStreamNotCreatedToCancelCreation" classname="io.grpc.transport.netty.NettyClientStreamTest" time="0.006"/>
  <testcase name="closeShouldSucceed" classname="io.grpc.transport.netty.NettyClientStreamTest" time="0.005"/>
  <testcase name="setStatusWithErrorShouldNotOverridePreviousError" classname="io.grpc.transport.netty.NettyClientStreamTest" time="0.003"/>
  <testcase name="deframedDataAfterCancelShouldBeIgnored" classname="io.grpc.transport.netty.NettyClientStreamTest" time="0.008"/>
  <testcase name="setStatusWithOkShouldCloseStream" classname="io.grpc.transport.netty.NettyClientStreamTest" time="0.003"/>
  <testcase name="inboundTrailersClosesCall" classname="io.grpc.transport.netty.NettyClientStreamTest" time="0.009"/>
  <testcase name="writeMessageShouldSendRequest" classname="io.grpc.transport.netty.NettyClientStreamTest" time="0.002"/>
  <testcase name="dataFrameWithEosShouldDeframeAndThenFail" classname="io.grpc.transport.netty.NettyClientStreamTest" time="0.006"/>
  <testcase name="inboundHeadersShouldCallListenerHeadersRead" classname="io.grpc.transport.netty.NettyClientStreamTest" time="0.003"/>
  <system-out><![CDATA[]]></system-out>
  <system-err><![CDATA[]]></system-err>
</testsuite>
