<?xml version="1.0" encoding="UTF-8"?>
<testsuite name="io.grpc.transport.netty.NettyWritableBufferAllocatorTest" tests="2" skipped="0" failures="0" errors="0" timestamp="2015-03-23T01:16:23" hostname="ip-172-31-8-225" time="0.021">
  <properties/>
  <testcase name="testBuffersAreDifferent" classname="io.grpc.transport.netty.NettyWritableBufferAllocatorTest" time="0.019"/>
  <testcase name="testCapacity" classname="io.grpc.transport.netty.NettyWritableBufferAllocatorTest" time="0.0"/>
  <system-out><![CDATA[]]></system-out>
  <system-err><![CDATA[]]></system-err>
</testsuite>
