<?xml version="1.0" encoding="UTF-8"?>
<testsuite name="io.grpc.stub.CallsTest" tests="3" skipped="0" failures="0" errors="0" timestamp="2015-03-23T01:35:29" hostname="ip-172-31-8-225" time="0.309">
  <properties/>
  <testcase name="unaryFutureCallCancelled" classname="io.grpc.stub.CallsTest" time="0.286"/>
  <testcase name="unaryFutureCallFailed" classname="io.grpc.stub.CallsTest" time="0.003"/>
  <testcase name="unaryFutureCallSuccess" classname="io.grpc.stub.CallsTest" time="0.003"/>
  <system-out><![CDATA[]]></system-out>
  <system-err><![CDATA[]]></system-err>
</testsuite>
