<?xml version="1.0" encoding="UTF-8"?>
<testsuite name="io.grpc.transport.MessageFramerTest" tests="10" skipped="0" failures="0" errors="0" timestamp="2015-03-23T00:37:29" hostname="ip-172-31-8-225" time="0.044">
  <properties/>
  <testcase name="flushIsIdempotent" classname="io.grpc.transport.MessageFramerTest" time="0.011"/>
  <testcase name="closeCombinedWithFullSink" classname="io.grpc.transport.MessageFramerTest" time="0.001"/>
  <testcase name="emptyPayloadYieldsFrame" classname="io.grpc.transport.MessageFramerTest" time="0.003"/>
  <testcase name="closeWithoutBufferedFrameGivesEmptySink" classname="io.grpc.transport.MessageFramerTest" time="0.003"/>
  <testcase name="payloadSplitBetweenSinks" classname="io.grpc.transport.MessageFramerTest" time="0.004"/>
  <testcase name="smallPayloadsShouldBeCombined" classname="io.grpc.transport.MessageFramerTest" time="0.001"/>
  <testcase name="compressed" classname="io.grpc.transport.MessageFramerTest" time="0.002"/>
  <testcase name="largerFrameSize" classname="io.grpc.transport.MessageFramerTest" time="0.001"/>
  <testcase name="frameHeaderSplitBetweenSinks" classname="io.grpc.transport.MessageFramerTest" time="0.004"/>
  <testcase name="simplePayload" classname="io.grpc.transport.MessageFramerTest" time="0.004"/>
  <system-out><![CDATA[]]></system-out>
  <system-err><![CDATA[]]></system-err>
</testsuite>
