<?xml version="1.0" encoding="UTF-8"?>
<testsuite name="io.grpc.transport.ReadableBuffersByteBufferTest" tests="7" skipped="0" failures="0" errors="0" timestamp="2015-03-23T00:37:29" hostname="ip-172-31-8-225" time="0.033">
  <properties/>
  <testcase name="partialReadToArrayShouldSucceed" classname="io.grpc.transport.ReadableBuffersByteBufferTest" time="0.002"/>
  <testcase name="bufferShouldReadAllBytes" classname="io.grpc.transport.ReadableBuffersByteBufferTest" time="0.007"/>
  <testcase name="partialReadToByteBufferShouldSucceed" classname="io.grpc.transport.ReadableBuffersByteBufferTest" time="0.0"/>
  <testcase name="readToByteBufferShouldSucceed" classname="io.grpc.transport.ReadableBuffersByteBufferTest" time="0.003"/>
  <testcase name="readToStreamShouldSucceed" classname="io.grpc.transport.ReadableBuffersByteBufferTest" time="0.003"/>
  <testcase name="readToArrayShouldSucceed" classname="io.grpc.transport.ReadableBuffersByteBufferTest" time="0.002"/>
  <testcase name="partialReadToStreamShouldSucceed" classname="io.grpc.transport.ReadableBuffersByteBufferTest" time="0.002"/>
  <system-out><![CDATA[]]></system-out>
  <system-err><![CDATA[]]></system-err>
</testsuite>
