<?xml version="1.0" encoding="UTF-8"?>
<testsuite name="io.grpc.transport.HttpUtilTest" tests="4" skipped="0" failures="0" errors="0" timestamp="2015-03-23T00:37:29" hostname="ip-172-31-8-225" time="0.007">
  <properties/>
  <testcase name="http2ErrorStatus" classname="io.grpc.transport.HttpUtilTest" time="0.002"/>
  <testcase name="http2ErrorRoundTrip" classname="io.grpc.transport.HttpUtilTest" time="0.0"/>
  <testcase name="http2ErrorStatusForCode" classname="io.grpc.transport.HttpUtilTest" time="0.001"/>
  <testcase name="http2ErrorForCode" classname="io.grpc.transport.HttpUtilTest" time="0.0"/>
  <system-out><![CDATA[]]></system-out>
  <system-err><![CDATA[]]></system-err>
</testsuite>
