<?xml version="1.0" encoding="UTF-8"?>
<testsuite name="io.grpc.transport.ReadableBuffersArrayTest" tests="8" skipped="0" failures="0" errors="0" timestamp="2015-03-23T00:37:29" hostname="ip-172-31-8-225" time="0.036">
  <properties/>
  <testcase name="bufferShouldExposeArray" classname="io.grpc.transport.ReadableBuffersArrayTest" time="0.002"/>
  <testcase name="partialReadToArrayShouldSucceed" classname="io.grpc.transport.ReadableBuffersArrayTest" time="0.001"/>
  <testcase name="bufferShouldReadAllBytes" classname="io.grpc.transport.ReadableBuffersArrayTest" time="0.005"/>
  <testcase name="partialReadToByteBufferShouldSucceed" classname="io.grpc.transport.ReadableBuffersArrayTest" time="0.0"/>
  <testcase name="readToByteBufferShouldSucceed" classname="io.grpc.transport.ReadableBuffersArrayTest" time="0.008"/>
  <testcase name="readToStreamShouldSucceed" classname="io.grpc.transport.ReadableBuffersArrayTest" time="0.009"/>
  <testcase name="readToArrayShouldSucceed" classname="io.grpc.transport.ReadableBuffersArrayTest" time="0.002"/>
  <testcase name="partialReadToStreamShouldSucceed" classname="io.grpc.transport.ReadableBuffersArrayTest" time="0.001"/>
  <system-out><![CDATA[]]></system-out>
  <system-err><![CDATA[]]></system-err>
</testsuite>
