<?xml version="1.0" encoding="UTF-8"?>
<testsuite name="io.grpc.SharedResourceHolderTest" tests="4" skipped="0" failures="0" errors="0" timestamp="2015-03-23T00:37:29" hostname="ip-172-31-8-225" time="0.03">
  <properties/>
  <testcase name="overreleaseInstance" classname="io.grpc.SharedResourceHolderTest" time="0.019"/>
  <testcase name="releaseWrongInstance" classname="io.grpc.SharedResourceHolderTest" time="0.001"/>
  <testcase name="cancelDestroyTask" classname="io.grpc.SharedResourceHolderTest" time="0.001"/>
  <testcase name="destroyResourceWhenRefCountReachesZero" classname="io.grpc.SharedResourceHolderTest" time="0.001"/>
  <system-out><![CDATA[]]></system-out>
  <system-err><![CDATA[]]></system-err>
</testsuite>
