<?xml version="1.0" encoding="UTF-8"?>
<testsuite name="io.grpc.MetadataTest" tests="8" skipped="0" failures="0" errors="0" timestamp="2015-03-23T00:37:29" hostname="ip-172-31-8-225" time="0.043">
  <properties/>
  <testcase name="headerMergeShouldCopyValues" classname="io.grpc.MetadataTest" time="0.008"/>
  <testcase name="verifyToString" classname="io.grpc.MetadataTest" time="0.016"/>
  <testcase name="testWriteRaw" classname="io.grpc.MetadataTest" time="0.0"/>
  <testcase name="roundTripIntegerMarshaller" classname="io.grpc.MetadataTest" time="0.001"/>
  <testcase name="integerMarshallerIsDecimal" classname="io.grpc.MetadataTest" time="0.0"/>
  <testcase name="testWriteParsed" classname="io.grpc.MetadataTest" time="0.001"/>
  <testcase name="testFailSerializeRaw" classname="io.grpc.MetadataTest" time="0.004"/>
  <testcase name="testFailMergeRawIntoSerializable" classname="io.grpc.MetadataTest" time="0.001"/>
  <system-out><![CDATA[]]></system-out>
  <system-err><![CDATA[]]></system-err>
</testsuite>
