<?xml version="1.0" encoding="UTF-8"?>
<testsuite name="io.grpc.transport.CompositeReadableBufferTest" tests="7" skipped="0" failures="0" errors="0" timestamp="2015-03-23T00:37:29" hostname="ip-172-31-8-225" time="0.028">
  <properties/>
  <testcase name="closeShouldCloseBuffers" classname="io.grpc.transport.CompositeReadableBufferTest" time="0.01"/>
  <testcase name="readStreamShouldSucceed" classname="io.grpc.transport.CompositeReadableBufferTest" time="0.001"/>
  <testcase name="readByteArrayShouldSucceed" classname="io.grpc.transport.CompositeReadableBufferTest" time="0.0"/>
  <testcase name="readUnsignedByteShouldSucceed" classname="io.grpc.transport.CompositeReadableBufferTest" time="0.001"/>
  <testcase name="singleBufferShouldSucceed" classname="io.grpc.transport.CompositeReadableBufferTest" time="0.001"/>
  <testcase name="readByteBufferShouldSucceed" classname="io.grpc.transport.CompositeReadableBufferTest" time="0.001"/>
  <testcase name="skipBytesShouldSucceed" classname="io.grpc.transport.CompositeReadableBufferTest" time="0.0"/>
  <system-out><![CDATA[]]></system-out>
  <system-err><![CDATA[]]></system-err>
</testsuite>
