<?xml version="1.0" encoding="UTF-8"?>
<testsuite name="io.grpc.stub.StubConfigTest" tests="1" skipped="0" failures="0" errors="0" timestamp="2015-03-23T01:18:59" hostname="ip-172-31-8-225" time="0.117">
  <properties/>
  <testcase name="testConfigureTimeout" classname="io.grpc.stub.StubConfigTest" time="0.117"/>
  <system-out><![CDATA[]]></system-out>
  <system-err><![CDATA[]]></system-err>
</testsuite>
